<?xml version="1.0" encoding="UTF-8"?>
<!-- Generated by org.testng.reporters.JUnitReportReporter -->
<testsuite hostname="MDs-MacBook-Pro" failures="0" tests="4" name="TestSuite" time="21.210" errors="0" timestamp="2021-09-21T19:29:45 AEST" skipped="0">
  <testcase classname="TestSuite" name="Test1" time="1.075"/>
  <system-out/>
  <testcase classname="TestSuite" name="Test2" time="10.123"/>
  <system-out/>
  <testcase classname="TestSuite" name="Test3" time="5.036"/>
  <system-out/>
  <testcase classname="TestSuite" name="Test4" time="4.976"/>
  <system-out/>
</testsuite> <!-- TestSuite -->
